2022-03-07 16:26:02 [main] INFO  com.ecommerce.Application - Starting Application on DESKTOP-12N7SQP with PID 20656 (C:\Users\user\IdeaProjects\blokchain\S06P22A504\backend\target\classes started by user in C:\Users\user\IdeaProjects\blokchain\S06P22A504\backend)
2022-03-07 16:26:02 [main] DEBUG com.ecommerce.Application - Running with Spring Boot v2.1.4.RELEASE, Spring v5.1.6.RELEASE
2022-03-07 16:26:02 [main] INFO  com.ecommerce.Application - No active profile set, falling back to default profiles: default
2022-03-07 16:26:04 [main] INFO  o.s.c.s.PostProcessorRegistrationDelegate$BeanPostProcessorChecker - Bean 'org.springframework.transaction.annotation.ProxyTransactionManagementConfiguration' of type [org.springframework.transaction.annotation.ProxyTransactionManagementConfiguration$$EnhancerBySpringCGLIB$$284e0c33] is not eligible for getting processed by all BeanPostProcessors (for example: not eligible for auto-proxying)
2022-03-07 16:26:04 [main] INFO  o.s.b.w.e.tomcat.TomcatWebServer - Tomcat initialized with port(s): 8080 (http)
2022-03-07 16:26:04 [main] INFO  o.a.catalina.core.StandardService - Starting service [Tomcat]
2022-03-07 16:26:04 [main] INFO  o.a.catalina.core.StandardEngine - Starting Servlet engine: [Apache Tomcat/9.0.17]
2022-03-07 16:26:04 [main] INFO  o.a.c.c.C.[Tomcat].[localhost].[/] - Initializing Spring embedded WebApplicationContext
2022-03-07 16:26:05 [main] INFO  s.d.s.w.PropertySourcedRequestMappingHandlerMapping - Mapped URL path [/v2/api-docs] onto method [public org.springframework.http.ResponseEntity<springfox.documentation.spring.web.json.Json> springfox.documentation.swagger2.web.Swagger2Controller.getDocumentation(java.lang.String,javax.servlet.http.HttpServletRequest)]
2022-03-07 16:26:05 [main] INFO  o.s.s.c.ThreadPoolTaskExecutor - Initializing ExecutorService 'applicationTaskExecutor'
2022-03-07 16:26:05 [main] INFO  s.d.s.w.p.DocumentationPluginsBootstrapper - Context refreshed
2022-03-07 16:26:05 [main] INFO  s.d.s.w.p.DocumentationPluginsBootstrapper - Found 1 custom documentation plugin(s)
2022-03-07 16:26:05 [main] INFO  s.d.s.w.s.ApiListingReferenceScanner - Scanning for api listing references
2022-03-07 16:26:06 [main] INFO  s.d.s.w.r.o.CachingOperationNameGenerator - Generating unique operation named: deleteUsingDELETE_1
2022-03-07 16:26:06 [main] INFO  s.d.s.w.r.o.CachingOperationNameGenerator - Generating unique operation named: getUsingGET_1
2022-03-07 16:26:06 [main] INFO  s.d.s.w.r.o.CachingOperationNameGenerator - Generating unique operation named: listUsingGET_1
2022-03-07 16:26:06 [main] INFO  s.d.s.w.r.o.CachingOperationNameGenerator - Generating unique operation named: getUsingGET_2
2022-03-07 16:26:06 [main] INFO  s.d.s.w.r.o.CachingOperationNameGenerator - Generating unique operation named: getByUserUsingGET_1
2022-03-07 16:26:06 [main] INFO  s.d.s.w.r.o.CachingOperationNameGenerator - Generating unique operation named: registerUsingPOST_1
2022-03-07 16:26:06 [main] INFO  o.s.b.w.e.tomcat.TomcatWebServer - Tomcat started on port(s): 8080 (http) with context path ''
2022-03-07 16:26:06 [main] INFO  com.ecommerce.Application - Started Application in 3.648 seconds (JVM running for 4.163)
2022-03-07 16:26:31 [Thread-5] INFO  o.s.s.c.ThreadPoolTaskExecutor - Shutting down ExecutorService 'applicationTaskExecutor'
2022-03-07 16:26:38 [main] INFO  com.ecommerce.Application - Starting Application on DESKTOP-12N7SQP with PID 18168 (C:\Users\user\IdeaProjects\blokchain\S06P22A504\backend\target\classes started by user in C:\Users\user\IdeaProjects\blokchain\S06P22A504\backend)
2022-03-07 16:26:38 [main] DEBUG com.ecommerce.Application - Running with Spring Boot v2.1.4.RELEASE, Spring v5.1.6.RELEASE
2022-03-07 16:26:38 [main] INFO  com.ecommerce.Application - No active profile set, falling back to default profiles: default
2022-03-07 16:26:39 [main] INFO  o.s.c.s.PostProcessorRegistrationDelegate$BeanPostProcessorChecker - Bean 'org.springframework.transaction.annotation.ProxyTransactionManagementConfiguration' of type [org.springframework.transaction.annotation.ProxyTransactionManagementConfiguration$$EnhancerBySpringCGLIB$$eaf3d3d0] is not eligible for getting processed by all BeanPostProcessors (for example: not eligible for auto-proxying)
2022-03-07 16:26:39 [main] INFO  o.s.b.w.e.tomcat.TomcatWebServer - Tomcat initialized with port(s): 8080 (http)
2022-03-07 16:26:39 [main] INFO  o.a.catalina.core.StandardService - Starting service [Tomcat]
2022-03-07 16:26:39 [main] INFO  o.a.catalina.core.StandardEngine - Starting Servlet engine: [Apache Tomcat/9.0.17]
2022-03-07 16:26:40 [main] INFO  o.a.c.c.C.[Tomcat].[localhost].[/] - Initializing Spring embedded WebApplicationContext
2022-03-07 16:26:40 [main] INFO  s.d.s.w.PropertySourcedRequestMappingHandlerMapping - Mapped URL path [/v2/api-docs] onto method [public org.springframework.http.ResponseEntity<springfox.documentation.spring.web.json.Json> springfox.documentation.swagger2.web.Swagger2Controller.getDocumentation(java.lang.String,javax.servlet.http.HttpServletRequest)]
2022-03-07 16:26:40 [main] INFO  o.s.s.c.ThreadPoolTaskExecutor - Initializing ExecutorService 'applicationTaskExecutor'
2022-03-07 16:26:41 [main] INFO  s.d.s.w.p.DocumentationPluginsBootstrapper - Context refreshed
2022-03-07 16:26:41 [main] INFO  s.d.s.w.p.DocumentationPluginsBootstrapper - Found 1 custom documentation plugin(s)
2022-03-07 16:26:41 [main] INFO  s.d.s.w.s.ApiListingReferenceScanner - Scanning for api listing references
2022-03-07 16:26:41 [main] INFO  s.d.s.w.r.o.CachingOperationNameGenerator - Generating unique operation named: deleteUsingDELETE_1
2022-03-07 16:26:41 [main] INFO  s.d.s.w.r.o.CachingOperationNameGenerator - Generating unique operation named: getUsingGET_1
2022-03-07 16:26:41 [main] INFO  s.d.s.w.r.o.CachingOperationNameGenerator - Generating unique operation named: listUsingGET_1
2022-03-07 16:26:41 [main] INFO  s.d.s.w.r.o.CachingOperationNameGenerator - Generating unique operation named: getUsingGET_2
2022-03-07 16:26:41 [main] INFO  s.d.s.w.r.o.CachingOperationNameGenerator - Generating unique operation named: getByUserUsingGET_1
2022-03-07 16:26:41 [main] INFO  s.d.s.w.r.o.CachingOperationNameGenerator - Generating unique operation named: registerUsingPOST_1
2022-03-07 16:26:41 [main] INFO  o.s.b.w.e.tomcat.TomcatWebServer - Tomcat started on port(s): 8080 (http) with context path ''
2022-03-07 16:26:41 [main] INFO  com.ecommerce.Application - Started Application in 3.616 seconds (JVM running for 4.022)
2022-03-07 16:27:42 [Thread-5] INFO  o.s.s.c.ThreadPoolTaskExecutor - Shutting down ExecutorService 'applicationTaskExecutor'
